0 info it worked if it ends with ok
1 verbose cli [ 'node',
1 verbose cli   '/usr/local/bin/npm',
1 verbose cli   'install',
1 verbose cli   '--save-dev',
1 verbose cli   'node-speaker' ]
2 info using npm@1.4.28
3 info using node@v0.10.32
4 warn package.json Audio-Beta@0.1.0 No repository field.
5 verbose readDependencies using package.json deps
6 verbose cache add [ 'node-speaker', null ]
7 verbose cache add name=undefined spec="node-speaker" args=["node-speaker",null]
8 verbose parsed url { protocol: null,
8 verbose parsed url   slashes: null,
8 verbose parsed url   auth: null,
8 verbose parsed url   host: null,
8 verbose parsed url   port: null,
8 verbose parsed url   hostname: null,
8 verbose parsed url   hash: null,
8 verbose parsed url   search: null,
8 verbose parsed url   query: null,
8 verbose parsed url   pathname: 'node-speaker',
8 verbose parsed url   path: 'node-speaker',
8 verbose parsed url   href: 'node-speaker' }
9 silly lockFile 2ddb1de5-node-speaker node-speaker
10 verbose lock node-speaker /Users/fred/.npm/2ddb1de5-node-speaker.lock
11 silly lockFile 2ddb1de5-node-speaker node-speaker
12 silly lockFile 2ddb1de5-node-speaker node-speaker
13 verbose addNamed [ 'node-speaker', '' ]
14 verbose addNamed [ null, '*' ]
15 silly lockFile 18ce0aca-node-speaker node-speaker@
16 verbose lock node-speaker@ /Users/fred/.npm/18ce0aca-node-speaker.lock
17 silly addNameRange { name: 'node-speaker', range: '*', hasData: false }
18 verbose request where is /node-speaker
19 verbose request registry https://registry.npmjs.org/
20 verbose request id cb06a9877d57996e
21 verbose url raw /node-speaker
22 verbose url resolving [ 'https://registry.npmjs.org/', './node-speaker' ]
23 verbose url resolved https://registry.npmjs.org/node-speaker
24 verbose request where is https://registry.npmjs.org/node-speaker
25 info trying registry request attempt 1 at 03:19:14
26 http GET https://registry.npmjs.org/node-speaker
27 http 404 https://registry.npmjs.org/node-speaker
28 silly registry.get cb [ 404,
28 silly registry.get   { 'content-type': 'application/json',
28 silly registry.get     'cache-control': 'max-age=0',
28 silly registry.get     'content-length': '2',
28 silly registry.get     'accept-ranges': 'bytes',
28 silly registry.get     date: 'Tue, 24 Nov 2015 08:19:15 GMT',
28 silly registry.get     via: '1.1 varnish',
28 silly registry.get     age: '0',
28 silly registry.get     connection: 'keep-alive',
28 silly registry.get     'x-served-by': 'cache-jfk1022-JFK',
28 silly registry.get     'x-cache': 'MISS',
28 silly registry.get     'x-cache-hits': '0',
28 silly registry.get     'x-timer': 'S1448353155.127799,VS0,VE337' } ]
29 silly lockFile 18ce0aca-node-speaker node-speaker@
30 silly lockFile 18ce0aca-node-speaker node-speaker@
31 error 404 Not Found
31 error 404
31 error 404 'node-speaker' is not in the npm registry.
31 error 404 You should bug the author to publish it
31 error 404 It was specified as a dependency of 'Audio-Beta'
31 error 404
31 error 404 Maybe try 'npm search speaker'
31 error 404
31 error 404 Note that you can also install from a
31 error 404 tarball, folder, or http url, or git url.
32 error System Darwin 13.3.0
33 error command "node" "/usr/local/bin/npm" "install" "--save-dev" "node-speaker"
34 error cwd /Users/fred/Documents/Work/Web Apps/Audio-Beta
35 error node -v v0.10.32
36 error npm -v 1.4.28
37 error code E404
38 verbose exit [ 1, true ]
